<?xml version="1.0" encoding="UTF-8"?>
<testng-results skipped="0" failed="0" ignored="0" total="1" passed="1">
  <reporter-output>
  </reporter-output>
  <suite name="tests.Tests" duration-ms="18744" started-at="2019-02-01T08:48:00Z" finished-at="2019-02-01T08:48:19Z">
    <groups>
    </groups>
    <test name="Command line test" duration-ms="18744" started-at="2019-02-01T08:48:00Z" finished-at="2019-02-01T08:48:19Z">
      <class name="tests.Tests">
        <test-method status="PASS" signature="setUp()[pri:0, instance:tests.Tests@edf4efb]" name="setUp" is-config="true" duration-ms="11607" started-at="2019-02-01T08:48:00Z" finished-at="2019-02-01T08:48:12Z">
          <reporter-output>
          </reporter-output>
        </test-method> <!-- setUp -->
        <test-method status="PASS" signature="pruebaUno()[pri:0, instance:tests.Tests@edf4efb]" name="pruebaUno" duration-ms="7049" started-at="2019-02-01T08:48:12Z" finished-at="2019-02-01T08:48:19Z">
          <reporter-output>
          </reporter-output>
        </test-method> <!-- pruebaUno -->
        <test-method status="PASS" signature="tearDown()[pri:0, instance:tests.Tests@edf4efb]" name="tearDown" is-config="true" duration-ms="67" started-at="2019-02-01T08:48:19Z" finished-at="2019-02-01T08:48:19Z">
          <reporter-output>
          </reporter-output>
        </test-method> <!-- tearDown -->
      </class> <!-- tests.Tests -->
    </test> <!-- Command line test -->
  </suite> <!-- tests.Tests -->
</testng-results>
